<?xml version="1.0" encoding="UTF-8"?>
<testng-results ignored="0" total="1" passed="1" failed="0" skipped="0">
  <reporter-output>
  </reporter-output>
  <suite started-at="2025-08-05T20:46:51 IST" name="Default suite" finished-at="2025-08-05T20:47:05 IST" duration-ms="13862">
    <groups>
    </groups>
    <test started-at="2025-08-05T20:46:51 IST" name="Default test" finished-at="2025-08-05T20:47:05 IST" duration-ms="13862">
      <class name="tests.YatraTest">
        <test-method is-config="true" signature="setup()[pri:0, instance:tests.YatraTest@229f66ed]" started-at="2025-08-05T20:46:51 IST" name="setup" finished-at="2025-08-05T20:47:01 IST" duration-ms="9539" status="PASS">
          <reporter-output>
          </reporter-output>
        </test-method> <!-- setup -->
        <test-method signature="testLowestFares()[pri:0, instance:tests.YatraTest@229f66ed]" started-at="2025-08-05T20:47:01 IST" name="testLowestFares" finished-at="2025-08-05T20:47:05 IST" duration-ms="3903" status="PASS">
          <reporter-output>
          </reporter-output>
        </test-method> <!-- testLowestFares -->
        <test-method is-config="true" signature="tearDown()[pri:0, instance:tests.YatraTest@229f66ed]" started-at="2025-08-05T20:47:05 IST" name="tearDown" finished-at="2025-08-05T20:47:05 IST" duration-ms="345" status="PASS">
          <reporter-output>
          </reporter-output>
        </test-method> <!-- tearDown -->
      </class> <!-- tests.YatraTest -->
    </test> <!-- Default test -->
  </suite> <!-- Default suite -->
</testng-results>
